<?xml version="1.0" encoding="UTF-8"?>
<!-- Generated by org.testng.reporters.JUnitXMLReporter -->
<testsuite ignored="0" hostname="My_Pc" failures="0" tests="3" name="Default test" time="0.045" errors="0" timestamp="2023-04-19T14:09:02 IST">
  <testcase classname="practice.Practice2" name="addProductsToBagTest" time="0.006"/>
  <testcase classname="practice.Practice2" name="searchProductTest" time="0.002"/>
  <testcase classname="practice.Practice2" name="writeReviewTest" time="0.002"/>
</testsuite> <!-- Default test -->
