<?xml version="1.0" encoding="UTF-8"?>
<!-- Generated by org.testng.reporters.JUnitXMLReporter -->
<testsuite ignored="5" hostname="DESKTOP-H8SHR0P" failures="0" tests="2" name="QLCADDATest" time="0.052" errors="0" timestamp="2023-04-14T15:45:17 IST">
  <testcase classname="SeleniumPractice.GroupingTestNg" name="addProductToBag" time="0.012"/>
  <testcase classname="SeleniumPractice.GroupingTestNg" name="openPayment" time="0.001"/>
  <testcase classname="SeleniumPractice.SampleTest" name="searchProduct" time="0.0">
    <ignored/>
  </testcase> <!-- searchProduct -->
  <testcase classname="SeleniumPractice.GroupingTestNg" name="writeReview" time="0.0">
    <ignored/>
  </testcase> <!-- writeReview -->
  <testcase classname="SeleniumPractice.GroupingTestNg" name="searchProduct" time="0.0">
    <ignored/>
  </testcase> <!-- searchProduct -->
  <testcase classname="SeleniumPractice.SampleTest" name="demoTest2" time="0.0">
    <ignored/>
  </testcase> <!-- demoTest2 -->
  <testcase classname="SeleniumPractice.SampleTest" name="demoTest1" time="0.0">
    <ignored/>
  </testcase> <!-- demoTest1 -->
</testsuite> <!-- QLCADDATest -->
