<?xml version="1.0" encoding="UTF-8"?>
<!-- Generated by org.testng.reporters.JUnitXMLReporter -->
<testsuite ignored="0" hostname="My_Pc" failures="0" tests="4" name="Test1" time="0.09" errors="0" timestamp="2023-04-19T13:00:45 IST">
  <testcase classname="Pack1.TestNG1" name="addProduct" time="0.007"/>
  <testcase classname="Pack1.TestNG1" name="searchProduct" time="0.004"/>
  <testcase classname="Pack1.TestNg2" name="BatchTest" time="0.002"/>
  <testcase classname="Pack1.TestNg2" name="logInToApp" time="0.002"/>
</testsuite> <!-- Test1 -->
