<?xml version="1.0" encoding="UTF-8"?>
<!-- Generated by org.testng.reporters.JUnitXMLReporter -->
<testsuite hostname="SHALINIK-IN" name="QLCSuite" tests="6" failures="2" timestamp="19 Apr 2023 01:58:47 GMT" time="0.107" errors="0">
  <testcase name="createFolder" time="0.037" classname="com.pack3.testng.Test2">
    <failure type="java.lang.AssertionError" message="expected [true] but found [false]">
      <![CDATA[java.lang.AssertionError: expected [true] but found [false]
	at com.pack3.testng.Test2.createFolder(Test2.java:22)
... Removed 28 stack frames]]>
    </failure>
  </testcase> <!-- createFolder -->
  <testcase name="loginToApp" time="0.003" classname="com.pack3.testng.Test2"/>
  <testcase name="uploadFile" time="0.002" classname="com.pack3.testng.Test2"/>
  <testcase name="uploadFolder" time="0.002" classname="com.pack3.testng.Test2">
    <failure type="java.lang.AssertionError" message="expected [true] but found [false]">
      <![CDATA[java.lang.AssertionError: expected [true] but found [false]
	at com.pack3.testng.Test2.uploadFolder(Test2.java:29)
... Removed 28 stack frames]]>
    </failure>
  </testcase> <!-- uploadFolder -->
  <testcase name="createAccountTest" time="0.003" classname="com.pack3.testng.Test3"/>
  <testcase name="loginToFacebookTest" time="0.002" classname="com.pack3.testng.Test3"/>
</testsuite> <!-- QLCSuite -->
