<?xml version="1.0" encoding="UTF-8"?>
<testng-results skipped="0" failed="0" total="1" passed="1">
  <reporter-output>
  </reporter-output>
  <suite name="Default suite" duration-ms="10305" started-at="2023-04-21T03:53:01Z" finished-at="2023-04-21T03:53:11Z">
    <groups>
    </groups>
    <test name="Default test" duration-ms="10305" started-at="2023-04-21T03:53:01Z" finished-at="2023-04-21T03:53:11Z">
      <class name="com.pack7.notification.Test1">
        <test-method status="PASS" signature="notificationTest()[pri:0, instance:com.pack7.notification.Test1@1ae369b7]" name="notificationTest" duration-ms="10260" started-at="2023-04-21T09:23:01Z" finished-at="2023-04-21T09:23:11Z">
          <reporter-output>
          </reporter-output>
        </test-method> <!-- notificationTest -->
      </class> <!-- com.pack7.notification.Test1 -->
    </test> <!-- Default test -->
  </suite> <!-- Default suite -->
</testng-results>
