<?xml version="1.0" encoding="UTF-8"?>
<testng-results ignored="0" total="1" passed="1" failed="0" skipped="0">
  <reporter-output>
  </reporter-output>
  <suite started-at="2023-04-21T14:17:11 IST" name="Default suite" finished-at="2023-04-21T14:17:11 IST" duration-ms="81">
    <groups>
    </groups>
    <test started-at="2023-04-21T14:17:11 IST" name="Default test" finished-at="2023-04-21T14:17:11 IST" duration-ms="81">
      <class name="SeleniumPractice.Encoding">
        <test-method signature="m1()[pri:0, instance:SeleniumPractice.Encoding@3cc2931c]" started-at="2023-04-21T14:17:11 IST" name="m1" finished-at="2023-04-21T14:17:11 IST" duration-ms="22" status="PASS">
          <reporter-output>
          </reporter-output>
        </test-method> <!-- m1 -->
      </class> <!-- SeleniumPractice.Encoding -->
    </test> <!-- Default test -->
  </suite> <!-- Default suite -->
</testng-results>
